[INFO] Scanning for projects...
[INFO] 
[INFO] -------------------------< ms-catalog:catalog >-------------------------
[INFO] Building  0.0.1-SNAPSHOT
[INFO]   from pom.xml
[INFO] --------------------------------[ jar ]---------------------------------
[INFO] 
[INFO] --- clean:3.5.0:clean (default-clean) @ catalog ---
[INFO] 
[INFO] --- resources:3.3.1:resources (default-resources) @ catalog ---
[INFO] Copying 2 resources from src/main/resources to target/classes
[INFO] Copying 0 resource from src/main/resources to target/classes
[INFO] 
[INFO] --- compiler:3.14.1:compile (default-compile) @ catalog ---
[INFO] Recompiling the module because of changed source code.
[INFO] Compiling 11 source files with javac [debug parameters release 17] to target/classes
[INFO] ------------------------------------------------------------------------
[INFO] BUILD SUCCESS
[INFO] ------------------------------------------------------------------------
[INFO] Total time:  4.904 s
[INFO] Finished at: 2026-05-19T15:14:47Z
[INFO] ------------------------------------------------------------------------
