[INFO] Scanning for projects...
[INFO] 
[INFO] -------------------< ms-shopping-cart:shopping-cart >-------------------
[INFO] Building  0.0.1-SNAPSHOT
[INFO]   from pom.xml
[INFO] --------------------------------[ jar ]---------------------------------
[INFO] 
[INFO] --- clean:3.5.0:clean (default-clean) @ shopping-cart ---
[INFO] Deleting /app/ms-shopping-cart/target
[INFO] 
[INFO] --- resources:3.3.1:resources (default-resources) @ shopping-cart ---
[INFO] Copying 2 resources from src/main/resources to target/classes
[INFO] Copying 0 resource from src/main/resources to target/classes
[INFO] 
[INFO] --- compiler:3.14.1:compile (default-compile) @ shopping-cart ---
[INFO] Recompiling the module because of changed source code.
[INFO] Compiling 7 source files with javac [debug parameters release 17] to target/classes
[INFO] ------------------------------------------------------------------------
[INFO] BUILD SUCCESS
[INFO] ------------------------------------------------------------------------
[INFO] Total time:  4.120 s
[INFO] Finished at: 2026-05-19T15:14:53Z
[INFO] ------------------------------------------------------------------------
