[INFO] Scanning for projects...
[INFO] 
[INFO] ----------------------< ms-job-orders:job-orders >----------------------
[INFO] Building  0.0.1-SNAPSHOT
[INFO]   from pom.xml
[INFO] --------------------------------[ jar ]---------------------------------
[INFO] 
[INFO] --- clean:3.5.0:clean (default-clean) @ job-orders ---
[INFO] Deleting /app/Backend/job-orders/target
[INFO] 
[INFO] --- resources:3.3.1:resources (default-resources) @ job-orders ---
[INFO] Copying 2 resources from src/main/resources to target/classes
[INFO] Copying 0 resource from src/main/resources to target/classes
[INFO] 
[INFO] --- compiler:3.14.1:compile (default-compile) @ job-orders ---
[INFO] Recompiling the module because of changed source code.
[INFO] Compiling 5 source files with javac [debug parameters release 17] to target/classes
[INFO] ------------------------------------------------------------------------
[INFO] BUILD SUCCESS
[INFO] ------------------------------------------------------------------------
[INFO] Total time:  4.507 s
[INFO] Finished at: 2026-05-19T15:14:06Z
[INFO] ------------------------------------------------------------------------
